Determining if the pthread_create exist failed with the following output:
Change Dir: /home/luo/darknet_ros/build/CMakeFiles/CMakeTmp

Run Build Command:"/usr/bin/make" "cmTC_457ba/fast"
/usr/bin/make -f CMakeFiles/cmTC_457ba.dir/build.make CMakeFiles/cmTC_457ba.dir/build
make[1]: 进入目录“/home/luo/darknet_ros/build/CMakeFiles/CMakeTmp”
Building C object CMakeFiles/cmTC_457ba.dir/CheckSymbolExists.c.o
/usr/bin/cc    -o CMakeFiles/cmTC_457ba.dir/CheckSymbolExists.c.o   -c /home/luo/darknet_ros/build/CMakeFiles/CMakeTmp/CheckSymbolExists.c
Linking C executable cmTC_457ba
/usr/bin/cmake -E cmake_link_script CMakeFiles/cmTC_457ba.dir/link.txt --verbose=1
/usr/bin/cc      -rdynamic CMakeFiles/cmTC_457ba.dir/CheckSymbolExists.c.o  -o cmTC_457ba 
CMakeFiles/cmTC_457ba.dir/CheckSymbolExists.c.o：在函数‘main’中：
CheckSymbolExists.c:(.text+0x1b)：对‘pthread_create’未定义的引用
collect2: error: ld returned 1 exit status
CMakeFiles/cmTC_457ba.dir/build.make:97: recipe for target 'cmTC_457ba' failed
make[1]: *** [cmTC_457ba] Error 1
make[1]: 离开目录“/home/luo/darknet_ros/build/CMakeFiles/CMakeTmp”
Makefile:126: recipe for target 'cmTC_457ba/fast' failed
make: *** [cmTC_457ba/fast] Error 2

File /home/luo/darknet_ros/build/CMakeFiles/CMakeTmp/CheckSymbolExists.c:
/* */
#include <pthread.h>

int main(int argc, char** argv)
{
  (void)argv;
#ifndef pthread_create
  return ((int*)(&pthread_create))[argc];
#else
  (void)argc;
  return 0;
#endif
}

Determining if the function pthread_create exists in the pthreads failed with the following output:
Change Dir: /home/luo/darknet_ros/build/CMakeFiles/CMakeTmp

Run Build Command:"/usr/bin/make" "cmTC_32d2a/fast"
/usr/bin/make -f CMakeFiles/cmTC_32d2a.dir/build.make CMakeFiles/cmTC_32d2a.dir/build
make[1]: 进入目录“/home/luo/darknet_ros/build/CMakeFiles/CMakeTmp”
Building C object CMakeFiles/cmTC_32d2a.dir/CheckFunctionExists.c.o
/usr/bin/cc   -DCHECK_FUNCTION_EXISTS=pthread_create   -o CMakeFiles/cmTC_32d2a.dir/CheckFunctionExists.c.o   -c /usr/share/cmake-3.10/Modules/CheckFunctionExists.c
Linking C executable cmTC_32d2a
/usr/bin/cmake -E cmake_link_script CMakeFiles/cmTC_32d2a.dir/link.txt --verbose=1
/usr/bin/cc  -DCHECK_FUNCTION_EXISTS=pthread_create    -rdynamic CMakeFiles/cmTC_32d2a.dir/CheckFunctionExists.c.o  -o cmTC_32d2a -lpthreads 
/usr/bin/ld: 找不到 -lpthreads
collect2: error: ld returned 1 exit status
CMakeFiles/cmTC_32d2a.dir/build.make:97: recipe for target 'cmTC_32d2a' failed
make[1]: *** [cmTC_32d2a] Error 1
make[1]: 离开目录“/home/luo/darknet_ros/build/CMakeFiles/CMakeTmp”
Makefile:126: recipe for target 'cmTC_32d2a/fast' failed
make: *** [cmTC_32d2a/fast] Error 2


